[    0.00000] Initializing cgroup subsys cpuset
[    0.000000] Initializing cgroup subsys cpu
[    0.000000] Initializing cgroup subsys cpuacct
[    0.000000] Linux version 4.4.0-127-generic (buildd@lcy01-amd64-023) (gcc version 5.4.0 20160609 (Ubuntu 5.4.0-6ubuntu1~16.04.9) ) #153-Ubuntu SMP Sat May 19 10:58:46 UTC 2018 (Ubuntu 4.4.0-127.153-generic 4.4.128)
[    0.000000] Command line: BOOT_IMAGE=/boot/vmlinuz-4.4.0-127-generic root=UUID=b2ae9ec8-786b-4633-acd7-f16b9e0feaa9 ro console=tty1 console=ttyS0
[    0.000000] KERNEL supported cpus:
[    0.000000]   Intel GenuineIntel
[    0.000000]   AMD AuthenticAMD
[    0.000000]   Centaur CentaurHauls
[    0.000000] x86/fpu: xstate_offset[2]:  576, xstate_sizes[2]:  256
[    0.000000] x86/fpu: Supporting XSAVE feature 0x01: 'x87 floating point registers'
[    0.000000] x86/fpu: Supporting XSAVE feature 0x02: 'SSE registers'
[    0.000000] x86/fpu: Supporting XSAVE feature 0x04: 'AVX registers'
[    0.000000] x86/fpu: Enabled xstate features 0x7, context size is 832 bytes, using 'standard' format.
[   0.00000] x8/fpu: Using 'lazy' FPU context switches.
[    0.000000] e820: BIOS-provided physical RAM map:
[    0.000000] BIOS-e820: [mem 0x0000000000000000-0x000000000009fbff] usable
[    0.000000] BIOS-e820: [mem 0x000000000009fc00-0x000000000009ffff] reserved
[    0.000000] BIOS-e820: [mem 0x00000000000f0000-0x00000000000fffff] reserved
[    0.000000] BIOS-e820: [mem 0x0000000000100000-0x000000003ffeffff] usable
[    0.000000] BIOS-e820: [mem 0x000000003fff0000-0x000000003fffffff] ACPI data
[    0.000000] BIOS-e820: [mem 0x00000000fec00000-0x00000000fec00fff] reserved
[    0.000000] BIOS-e820: [mem 0x00000000fee00000-0x00000000fee00fff] reserved
[    0.000000] BIOS-e820: [mem 0x00000000fffc0000-0x00000000ffffffff] reserved
[    0.000000] NX (Execute Disable) protection: active
[    0.000000] SMBIOS 2.5 present.
[    0.000000] Hypervisor detected: KVM
[    0.000000] e820: last_pfn = 0x3fff0 max_arch_pfn = 0x400000000
[    0.000000] MTRR: Disabled
[    0.000000] x86/PAT: MTRRs disabled, skipping PAT initialization too.
[    0.000000] CPU MTRRs all blank - virtualized system.
[    0.000000] x86/PAT: Configuration [0-7]: WB  WT  UC- UC  WB  WT  UC- UC  
[    0.000000] found SMP MP-table at [mem 0x0009fff0-0x0009ffff] mapped at [ffff88000009fff0]
[    0.000000] Scanning 1 areas for low memory corruption
[    0.000000] RAMDISK: [mem 0x361f2000-0x370f0fff]
[    0.000000] ACPI: Early table checksum verification disabled
[    0.000000] ACPI: RSDP 0x00000000000E0000 000024 (v02 VBOX  )
[    0.000000] ACPI: XSDT 0x000000003FFF0030 00003C (v01 VBOX   VBOXXSDT 00000001 ASL  00000061)
[    0.000000] ACPI: FACP 0x000000003FFF00F0 0000F4 (v04 VBOX   VBOXFACP 00000001 ASL  00000061)
[    0.000000] ACPI: DSDT 0x000000003FFF0470 0021FF (v02 VBOX   VBOXBIOS 00000002 INTL 20100528)
[    0.000000] ACPI: FACS 0x000000003FFF0200 000040
[    0.000000] ACPI: FACS 0x000000003FFF0200 000040
[    0.000000] ACPI: APIC 0x000000003FFF0240 00005C (v02 VBOX   VBOXAPIC 00000001 ASL  00000061)
[    0.000000] ACPI: SSDT 0x000000003FFF02A0 0001CC (v01 VBOX   VBOXCPUT 00000002 INTL 20100528)
[    0.000000] No NUMA configuration found
[    0.000000] Faking a node at [mem 0x0000000000000000-0x000000003ffeffff]
[    0.000000] NODE_DATA(0) allocated [mem 0x3ffeb000-0x3ffeffff]
[    0.000000] kvm-clock: Using msrs 4b564d01 and 4b564d00
[    0.000000] kvm-clock: cpu 0, msr 0:3ffe3001, primary cpu clock
[    0.000000] kvm-clock: using sched offset of 6928486625 cycles
[    0.000000] clocksource: kvm-clock: mask: 0xffffffffffffffff max_cycles: 0x1cd42e4dffb, max_idle_ns: 881590591483 ns
[    0.000000] Zone ranges:
[    0.000000]   DMA      [mem 0x0000000000001000-0x0000000000ffffff]
[    0.000000]   DMA32    [mem 0x0000000001000000-0x000000003ffeffff]
[    0.000000]   Normal   empty
[    0.000000]   Device   empty
[    0.000000] Movable zone start for each node
[    0.000000] Early memory node ranges
[    0.000000]   node   0: [mem 0x0000000000001000-0x000000000009efff]
[    0.000000]   node   0: [mem 0x0000000000100000-0x000000003ffeffff]
[    0.000000] Initmem setup node 0 [mem 0x0000000000001000-0x000000003ffeffff]
[    0.000000] ACPI: PM-Timer IO Port: 0x4008
[    0.000000] IOAPIC[0]: apic_id 2, version 32, address 0xfec00000, GSI 0-23
[    0.000000] ACPI: INT_SRC_OVR (bus 0 bus_irq 0 global_irq 2 dfl dfl)
[    0.000000] ACPI: INT_SRC_OVR (bus 0 bus_irq 9 global_irq 9 low level)
[    0.000000] Using ACPI (MADT) for SMP configuration information
[    0.000000] smpboot: Allowing 2 CPUs, 0 hotplug CPUs
[    0.000000] PM: Registered nosave memory: [mem 0x00000000-0x00000fff]
[    0.000000] PM: Registered nosave memory: [mem 0x0009f000-0x0009ffff]
[    0.000000] PM: Registered nosave memory: [mem 0x000a0000-0x000effff]
[    0.000000] PM: Registered nosave memory: [mem 0x000f0000-0x000fffff]
[    0.000000] e820: [mem 0x40000000-0xfebfffff] available for PCI devices
[    0.000000] Booting paravirtualized kernel on KVM
[    0.000000] clocksource: refined-jiffies: mask: 0xffffffff max_cycles: 0xffffffff, max_idle_ns: 7645519600211568 ns
[    0.000000] setup_percpu: NR_CPUS:512 nr_cpumask_bits:512 nr_cpu_ids:2 nr_node_ids:1
[    0.000000] PERCPU: Embedded 34 pages/cpu @ffff88003fc00000 s99544 r8192 d31528 u1048576
[    0.000000] PV qspinlock hash table entries: 256 (order: 0, 4096 bytes)
[    0.000000] Built 1 zonelists in Node order, mobility grouping on.  Total pages: 257912
[    0.000000] Policy zone: DMA32
[    0.000000] Kernel command line: BOOT_IMAGE=/boot/vmlinuz-4.4.0-127-generic root=UUID=b2ae9ec8-786b-4633-acd7-f16b9e0feaa9 ro console=tty1 console=ttyS0
[    0.000000] PID hash table entries: 4096 (order: 3, 32768 bytes)
[    0.000000] Memory: 997164K/1048120K available (8537K kernel code, 1313K rwdata, 4000K rodata, 1512K init, 1316K bss, 50956K reserved, 0K cma-reserved)
[    0.000000] SLUB: HWalign=64, Order=0-3, MinObjects=0, CPUs=2, Nodes=1
[    0.000000] Kernel/User page tables isolation: enabled
[    0.000000] Hierarchical RCU implementation.
[    0.000000] 	Build-tme adjustment of leaf fanout to 64.
[    0.000000] 	RCU restricting CPUs from NR_CPUS=512 to nr_cpu_ids=2.
[    0.000000] RCU: Adjusting geometry for rcu_fanout_leaf=64, nr_cpu_ids=2
[    0.000000] NR_IRQS:33024 nr_irqs:440 16
[    0.000000] Console: colour VGA+ 80x25
[    0.000000] console [tty1] enabled
[    0.000000] console [ttyS0] enabled
[    0.000000] tsc: Detected 2594.116 MHz processor
[    6.805671] Calibrating delay loop (skipped) preset value.. 5188.23 BogoMIPS (lpj=10376464)
[    6.836683] pid_max: default: 32768 minimum: 301
[    6.865597] ACPI: Core revision 20150930
[    6.887216] ACPI: 2 ACPI AML tables successfully acquired and loaded
[    6.904999] Security Framework initialized
[    6.914191] Yama: becoming mindful.
[    6.919501] AppArmor: AppArmor initialized
[    6.940806] Dentry cache hash table entries: 131072 (order: 8, 1048576 bytes)
[    6.965312] Inode-cache hash table entries: 65536 (order: 7, 524288 bytes)
[    6.983848] Mount-cache hash table entries: 2048 (order: 2, 16384 bytes)
[    6.995322] Mountpoint-cache hash table entries: 2048 (order: 2, 16384 bytes)
[    7.015612] Initializing cgroup subsys io
[    7.024244] Initializing cgroup subsys memory
[    7.033870] Initializing cgroup subsys devices
[    7.046055] Initializing cgroup subsys freezer
[    7.057113] Initializing cgroup subsys net_cls
[    7.066690] Initializing cgroup subsys perf_event
[    7.074420] Initializing cgroup subsys net_prio
[    7.083386] Initializing cgroup subsys hugetlb
[    7.096015] Initializing cgroup subsys pids
[    7.103961] CPU: Physical Processor ID: 0
[    7.118502] CPU: Processor Core ID: 0
[    7.127808] mce: CPU supports 0 MCE banks
[    7.138549] Last level iTLB entries: 4KB 512, 2MB 8, 4MB 8
[    7.149094] Last level dTLB entries: 4KB 512, 2MB 32, 4MB 32, 1GB 0
[    7.163794] Spectre V2 : Mitigation: Full generic retpoline
[    7.181412] Spectre V2 : Speculation control IBPB not-supported IBRS not-supported
[    7.207493] Speculative Store Bypass: Vulnerable
[    7.268137] Freeing SMP alternatives memory: 32K
[    7.366398] ftrace: allocating 32237 entries in 126 pages
[    7.627981] smpboot: APIC(0) Converting physical 0 to logical package 0
[    7.652299] smpboot: Max logical packages: 1
[    7.657397] x2apic enabled
[    7.668874] Switched APIC routing to physical x2apic.
[    7.676415] ..TIMER: vector=0x30 apic1=0 pin1=2 apic2=-1 pin2=-1
[    7.801457] smpboot: CPU0: Intel(R) Core(TM) i5-2540M CPU @ 2.60GHz (family: 0x6, model: 0x2a, stepping: 0x7)
[    7.829182] Performance Events: unsupported p6 CPU model 42 no PMU driver, software events only.
[    7.856124] KVM setup paravirtual spinlock
[    7.876219] x86: Booting SMP configuration:
[    7.882738] .... node  #0, CPUs:      #1
[    7.897314] kvm-clock: cpu 1, msr 0:3ffe3041, secondary cpu clock
[    7.908743] mce: CPU supports 0 MCE banks
[    7.913426] x86: Booted up 1 node, 2 CPUs
[    7.949012] smpboot: Total of 2 processors activated (10376.46 BogoMIPS)
[    7.996028] devtmpfs: initialized
[    8.024427] evm: security.selinux
[    8.036201] evm: security.SMACK64
[    8.048702] evm: security.SMACK64EXEC
[    8.059159] evm: security.SMACK64TRANSMUTE
[    8.064458] evm: security.SMACK64MMAP
[    8.067530] evm: security.ima
[    8.071232] evm: security.capability
[    8.074454] clocksource: jiffies: mask: 0xffffffff max_cycles: 0xffffffff, max_idle_ns: 7645041785100000 ns
[    8.081736] futex hash table entries: 512 (order: 3, 32768 bytes)
[    8.115045] pinctrl core: initialized pinctrl subsystem
[    8.118757] RTC time: 19:40:02, date: 05/28/18
[    8.133338] NET: Registered protocol family 16
[    8.153268] cpuidle: using governor ladder
[    8.182508] cpuidle: using governor menu
[    8.187760] PCCT header not found.
[    8.198870] ACPI: bus type PCI registered
[    8.206817] acpiphp: ACPI Hot Plug PCI Controller Driver version: 0.5
[    8.212505] PCI: Using configuration type 1 for base access
[    8.260496] ACPI: Added _OSI(Module Device)
[    8.266809] ACPI: Added _OSI(Processor Device)
[    8.271265] ACPI: Added _OSI(3.0 _SCP Extensions)
[    8.275657] ACPI: Added _OSI(Processor Aggregator Device)
[    8.283919] ACPI: Executed 1 blocks of module-level executable AML code
[    8.306055] ACPI: Interpreter enabled
[    8.321856] ACPI: (supports S0 S5)
[    8.325510] ACPI: Using IOAPIC for interrupt routing
[    8.331228] PCI: Using host bridge windows from ACPI; if necessary, use "pci=nocrs" and report a bug
[    8.360967] ACPI: PCI Root Bridge [PCI0] (domain 0000 [bus 00-ff])
[    8.371075] acpi PNP0A03:00: _OSC: OS supports [ASPM ClockPM Segments MSI]
[    8.378127] acpi PNP0A03:00: _OSC: not requesting OS control; OS requires [ExtendedConfig ASPM ClockPM MSI]
[    8.389989] acpi PNP0A03:00: fail to add MMCONFIG information, can't access extended PCI configuration space under this bridge.
[    8.408867] PCI host bridge to bus 0000:00
[    8.415207] pci_bus 0000:00: root bus resource [io  0x0000-0x0cf7 window]
[    8.430483] pci_bus 0000:00: root bus resource [io  0x0d00-0xffff window]
[    8.438821] pci_bus 0000:00: root bus resource [mem 0x000a0000-0x000bffff window]
[    8.454647] pci_bus 0000:00: root bus resource [mem 0x40000000-0xfdffffff window]
[    8.473512] pci_bus 0000:00: root bus resource [bus 00-ff]
[    8.503139] pci 0000:00:01.1: legacy IDE quirk: reg 0x10: [io  0x01f0-0x01f7]
[    8.516031] pci 0000:00:01.1: legacy IDE quirk: reg 0x14: [io  0x03f6]
[    8.524968] pci 0000:00:01.1: legacy IDE quirk: reg 0x18: [io  0x0170-0x0177]
[    8.582319] pci 0000:00:01.1: legacy IDE quirk: reg 0x1c: [io  0x0376]
[    8.687298] pci 0000:00:07.0: quirk: [io  0x4000-0x403f] claimed by PIIX4 ACPI
[    8.712194] pci 0000:00:07.0: quirk: [io  0x4100-0x410f] claimed by PIIX4 SMB
[    8.747018] ACPI: PCI Interrupt Link [LNKA] (IRQs 5 9 10 *11)
[    8.754929] ACPI: PCI Interrupt Link [LNKB] (IRQs 5 9 *10 11)
[    8.764998] ACPI: PCI Interrupt Link [LNKC] (IRQs 5 *9 10 11)
[    8.774388] ACPI: PCI Interrupt Link [LNKD] (IRQs 5 9 10 *11)
[    8.795564] ACPI: Enabled 2 GPEs in block 00 to 07
[    8.826362] vgaarb: setting as boot device: PCI:0000:00:02.0
[    8.838620] vgaarb: device added: PCI:0000:00:02.0,decodes=io+mem,owns=io+mem,locks=none
[    8.850532] vgaarb: loaded
[    8.858035] vgaarb: bridge control possible 0000:00:02.0
[    8.867492] SCSI subsystem initialized
[    8.906112] ACPI: bus type USB registered
[    8.911176] usbcore: registered new interface driver usbfs
[    8.918012] usbcore: registered new interface driver hub
[    8.932255] usbcore: registered new device driver usb
[    8.957211] PCI: Using ACPI for IRQ routing
[    8.963450] NetLabel: Initializing
[    8.973701] NetLabel:  domain hash size = 128
[    8.976832] NetLabel:  protocols = UNLABELED CIPSOv4
[    8.981703] NetLabel:  unlabeled traffic allowed by default
[    8.988704] amd_nb: Cannot enumerate AMD northbridges
[    8.995519] clocksource: Switched to clocksource kvm-clock
[    9.047895] AppArmor: AppArmor Filesystem Enabled
[    9.055993] pnp: PnP ACPI init
[    9.064079] pnp: PnP ACPI: found 3 devices
[    9.084722] clocksource: acpi_pm: mask: 0xffffff max_cycles: 0xffffff, max_idle_ns: 2085701024 ns
[    9.092133] NET: Registered protocol family 2
[    9.110457] TCP established hash table entries: 8192 (order: 4, 65536 bytes)
[    9.119781] TCP bind hash table entries: 8192 (order: 5, 131072 bytes)
[    9.131014] TCP: Hash tables configured (established 8192 bind 8192)
[    9.138105] UDP hash table entries: 512 (order: 2, 16384 bytes)
[    9.149050] UDP-Lite hash table entries: 512 (order: 2, 16384 bytes)
[    9.156583] NET: Registered protocol family 1
[    9.160195] pci 0000:00:00.0: Limiting direct PCI/PCI transfers
[    9.166324] pci 0000:00:01.0: Activating ISA DMA hang workarounds
[    9.173595] Unpacking initramfs...
[   10.008891] Freeing initrd memory: 15356K
[   10.021882] RAPL PMU detected, API unit is 2^-32 Joules, 3 fixed counters 10737418240 ms ovfl timer
[   10.044169] hw unit of domain pp0-core 2^-0 Joules
[   10.052785] hw unit of domain package 2^-0 Joules
[   10.057219] hw unit of domain pp1-gpu 2^-0 Joules
[   10.062889] platform rtc_cmos: registered platform RTC device (no PNP device found)
[   10.070884] Scanning for low memory corruption every 60 seconds
[   10.086625] audit: initializing netlink subsys (disabled)
[   10.098014] audit: type=2000 audit(1527536404.557:1): initialized
[   10.104745] Initialise system trusted keyring
[   10.114733] HugeTLB registered 2 MB page size, pre-allocated 0 pages
[   10.126844] zbud: loaded
[   10.137631] VFS: Disk quotas dquot_6.6.0
[   10.144596] VFS: Dquot-cache hash table entries: 512 (order 0, 4096 bytes)
[   10.152248] squashfs: version 4.0 (2009/01/31) Phillip Lougher
[   10.168038] fuse init (API version 7.23)
[   10.171137] Key type big_key registered
[   10.180044] Allocating IMA MOK and blacklist keyrings.
[   10.204532] Key type asymmetric registered
[   10.214422] Asymmetric key parser 'x509' registered
[   10.217862] Block layer SCSI generic (bsg) driver version 0.4 loaded (major 249)
[   10.247970] io scheduler noop registered
[   10.277892] io scheduler deadline registered (default)
[   10.291842] io scheduler cfq registered
[   10.326960] pci_hotplug: PCI Hot Plug PCI Core version: 0.5
[   10.340944] pciehp: PCI Express Hot Plug Controller Driver version: 0.4
[   10.360278] ACPI: AC Adapter [AC] (on-line)
[   10.377367] input: Power Button as /devices/LNXSYSTM:00/LNXPWRBN:00/input/input0
[   10.414119] ACPI: Power Button [PWRF]
[   10.430477] input: Sleep Button as /devices/LNXSYSTM:00/LNXSLPBN:00/input/input1
[   10.476273] ACPI: Sleep Button [SLPF]
[   10.495279] GHES: HEST is not enabled!
[   10.500532] ACPI: Battery Slot [BAT0] (battery present)
[   10.516086] Serial: 8250/16550 driver, 32 ports, IRQ sharing enabled
[   10.550804] 00:02: ttyS0 at I/O 0x3f8 (irq = 4, base_baud = 115200) is a 16550A
[   10.623336] Linux agpgart interface v0.103
[   10.678174] loop: module loaded
[   10.696044] scsi host0: ata_piix
[   10.706941] scsi host1: ata_piix
[   10.711635] ata1: PATA max UDMA/33 cmd 0x1f0 ctl 0x3f6 bmdma 0xd000 irq 14
[   10.729198] ata2: PATA max UDMA/33 cmd 0x170 ctl 0x376 bmdma 0xd008 irq 15
[   10.745042] libphy: Fixed MDIO Bus: probed
[   10.750208] tun: Universal TUN/TAP device driver, 1.6
[   10.757084] tun: (C) 1999-2004 Max Krasnyansky <maxk@qualcomm.com>
[   10.771174] PPP generic driver version 2.4.2
[   10.793657] ehci_hcd: USB 2.0 'Enhanced' Host Controller (EHCI) Driver
[   10.819267] ehci-pci: EHCI PCI platform driver
[   10.829321] ehci-platform: EHCI generic platform driver
[   10.837177] ohci_hcd: USB 1.1 'Open' Host Controller (OHCI) Driver
[   10.849585] ohci-pci: OHCI PCI platform driver
[   10.857488] ohci-platform: OHCI generic platform driver
[   10.869919] uhci_hcd: USB Universal Host Controller Interface driver
[   10.885548] i8042: PNP: PS/2 Controller [PNP0303:PS2K,PNP0f03:PS2M] at 0x60,0x64 irq 1,12
[   10.900364] serio: i8042 KBD port at 0x60,0x64 irq 1
[   10.916708] serio: i8042 AUX port at 0x60,0x64 irq 12
[   10.930519] mousedev: PS/2 mouse device common for all mice
[   10.943452] rtc_cmos rtc_cmos: rtc core: registered rtc_cmos as rtc0
[   10.990358] rtc_cmos rtc_cmos: alarms up to one day, 114 bytes nvram
[   11.012691] i2c /dev entries driver
[   11.038702] device-mapper: uevent: version 1.0.3
[   11.054210] input: AT Translated Set 2 keyboard as /devices/platform/i8042/serio0/input/input2
[   11.083130] device-mapper: ioctl: 4.34.0-ioctl (2015-10-28) initialised: dm-devel@redhat.com
[   11.083680] clocksource: tsc: mask: 0xffffffffffffffff max_cycles: 0x256485898c4, max_idle_ns: 440795246280 ns
[   11.125339] ledtrig-cpu: registered to indicate activity on CPUs
[   11.138982] NET: Registered protocol family 10
[   11.156448] NET: Registered protocol family 17
[   11.167016] Key type dns_resolver registered
[   11.197970] registered taskstats version 1
[   11.232220] Loading compiled-in X.509 certificates
[   11.242419] Loaded X.509 cert 'Build time autogenerated kernel key: 9f6f572a3ee0cb468eb8db4aa61815bc74ef6adb'
[   11.272283] zswap: loaded using pool lzo/zbud
[   11.295550] Key type trusted registered
[   11.329701] Key type encrypted registered
[   11.351200] AppArmor: AppArmor sha1 policy hashing enabled
[   11.371660] ima: No TPM chip found, activating TPM-bypass!
[   11.385591] evm: HMAC attrs: 0x1
[   11.392716]   Magic number: 2:248:699
[   11.404412] rtc_cmos rtc_cmos: setting system clock to 2018-05-28 19:40:05 UTC (1527536405)
[   11.416664] BIOS EDD facility v0.16 2004-Jun-25, 0 devices found
[   11.429910] EDD information not available.
[   11.442514] Freeing unused kernel memory: 1512K
[   11.450742] Write protecting the kernel read-only data: 14336k
[   11.469244] Freeing unused kernel memory: 1692K
[   11.489433] Freeing unused kernel memory: 96K
Loading, please wait...
starting version 229
[   11.604405] random: systemd-udevd: uninitialized urandom read (16 bytes read, 3 bits of entropy available)
[   11.605004] random: udevadm: uninitialized urandom read (16 bytes read, 3 bits of entropy available)
[   11.605175] random: udevadm: uninitialized urandom read (16 bytes read, 3 bits of entropy available)
[   11.698235] random: systemd-udevd: uninitialized urandom read (16 bytes read, 3 bits of entropy available)
[   11.721339] random: udevadm: uninitialized urandom read (16 bytes read, 3 bits of entropy available)
[   11.721658] random: udevadm: uninitialized urandom read (16 bytes read, 3 bits of entropy available)
[   11.723361] random: udevadm: uninitialized urandom read (16 bytes read, 3 bits of entropy available)
[   11.723919] random: udevadm: uninitialized urandom read (16 bytes read, 3 bits of entropy available)
[   11.724263] random: udevadm: uninitialized urandom read (16 bytes read, 3 bits of entropy available)
[   11.724589] random: udevadm: uninitialized urandom read (16 bytes read, 3 bits of entropy available)
[   12.208002] e1000: Intel(R) PRO/1000 Network Driver - version 7.3.21-k8-NAPI
[   12.230652] e1000: Copyright (c) 1999-2006 Intel Corporation.
[   12.245807] Fusion MPT base driver 3.04.20
[   12.254484] Copyright (c) 1999-2008 LSI Corporation
[   12.414487] Fusion MPT SPI Host driver 3.04.20
[   12.513328] AVX version of gcm_enc/dec engaged.
[   12.538329] AES CTR mode by8 optimization enabled
[   12.567043] input: ImExPS/2 Generic Explorer Mouse as /devices/platform/i8042/serio1/input/input4
[   13.138866] e1000 0000:00:03.0 eth0: (PCI:33MHz:32-bit) 02:8e:6d:ef:3b:89
[   13.245482] e1000 0000:00:03.0 eth0: Intel(R) PRO/1000 Network Connection
[   13.280573] mptbase: ioc0: Initiating bringup
[   13.291519] e1000 0000:00:03.0 enp0s3: renamed from eth0
[   13.356304] ioc0: LSI53C1030 A0: Capabilities={Initiator}
[   13.545471] scsi host2: ioc0: LSI53C1030 A0, FwRev=00000000h, Ports=1, MaxQ=256, IRQ=20
[   13.749045] scsi 2:0:0:0: Direct-Access     VBOX     HARDDISK         1.0  PQ: 0 ANSI: 5
[   13.816261] scsi target2:0:0: Beginning Domain Validation
[   13.832869] scsi target2:0:0: Domain Validation skipping write tests
[   15.069730] scsi target2:0:0: Ending Domain Validation
[   15.077222] scsi target2:0:0: asynchronous
[   15.086749] scsi 2:0:1:0: Direct-Access     VBOX     HARDDISK         1.0  PQ: 0 ANSI: 5
[   15.156896] scsi target2:0:1: Beginning Domain Validation
[   15.167536] scsi target2:0:1: Domain Validation skipping write tests
[   15.839584] scsi target2:0:1: Ending Domain Validation
[   16.069623] scsi target2:0:1: asynchronous
[   16.123457] sd 2:0:0:0: Attached scsi generic sg0 type 0
[   16.144144] sd 2:0:0:0: [sda] 20971520 512-byte logical blocks: (10.7 GB/10.0 GiB)
[   16.163316] sd 2:0:1:0: Attached scsi generic sg1 type 0
[   16.165266] sd 2:0:1:0: [sdb] 20480 512-byte logical blocks: (10.5 MB/10.0 MiB)
[   16.207866] sd 2:0:0:0: [sda] Write Protect is off
[   16.214796] sd 2:0:1:0: [sdb] Write Protect is off
[   16.222917] sd 2:0:0:0: [sda] Incomplete mode parameter data
[   16.267076] sd 2:0:0:0: [sda] Assuming drive cache: write through
[   16.268046] sd 2:0:1:0: [sdb] Incomplete mode parameter data
[   16.268054] sd 2:0:1:0: [sdb] Assuming drive cache: write through
[   16.279917] sd 2:0:1:0: [sdb] Attached SCSI disk
[   16.407667]  sda: sda1
[   16.430204] sd 2:0:0:0: [sda] Attached SCSI disk
Begin: Loading essential drivers ... [   19.470598] md: linear personality registered for level -1
[   19.503446] md: multipath personality registered for level -4
[   19.527253] md: raid0 personality registered for level 0
[   19.553417] md: raid1 personality registered for level 1
[   19.647645] raid6: sse2x1   gen()  1451 MB/s
[   19.728252] raid6: sse2x1   xor()  1035 MB/s
[   19.803837] raid6: sse2x2   gen()  2083 MB/s
[   19.883693] raid6: sse2x2   xor()  1155 MB/s
[   19.955685] raid6: sse2x4   gen()  1651 MB/s
[   20.028540] raid6: sse2x4   xor()   941 MB/s
[   20.037144] raid6: using algorithm sse2x2 gen() 2083 MB/s
[   20.061006] raid6: .... xor() 1155 MB/s, rmw enabled
[   20.077367] raid6: using ssse3x2 recovery algorithm
[   20.109846] xor: automatically using best checksumming function:
[   20.175825]    avx       :  2407.000 MB/sec
[   20.189236] async_tx: api initialized (async)
[   20.239045] md: raid6 personality registered for level 6
[   20.246503] md: raid5 personality registered for level 5
[   20.252547] md: raid4 personality registered for level 4
[   20.316021] md: raid10 personality registered for level 10
done.
Begin: Running /scripts/init-premount ... done.
Begin: Mounting root file system ... Begin: Running /scripts/local-top ... done.
Begin: Running /scripts/local-premount ... [   20.493922] Btrfs loaded
Scanning for Btrfs filesystems
done.
Warning: fsck not present, so skipping root file system
[   20.646832] EXT4-fs (sda1): INFO: recovery required on readonly filesystem
[   20.662047] EXT4-fs (sda1): write access will be enabled during recovery
[   20.742728] EXT4-fs (sda1): recovery complete
[   20.750463] EXT4-fs (sda1): mounted filesystem with ordered data mode. Opts: (null)
done.
Begin: Running /scripts/local-bottom ... done.
Begin: Running /scripts/init-bottom ... done.
[   21.783317] systemd[1]: systemd 229 running in system mode. (+PAM +AUDIT +SELINUX +IMA +APPARMOR +SMACK +SYSVINIT +UTMP +LIBCRYPTSETUP +GCRYPT +GNUTLS +ACL +XZ -LZ4 +SECCOMP +BLKID +ELFUTILS +KMOD -IDN)
[   21.919011] systemd[1]: Detected virtualization oracle.
[   21.941451] systemd[1]: Detected architecture x86-64.

Welcome to [1mUbuntu 16.04.4 LTS[0m!

[   22.062013] systemd[1]: Set hostname to <ubuntu-xenial>.
[   22.407179] random: nonblocking pool is initialized
[   22.958436] systemd[1]: Reached target System Time Synchronized.
[[0;32m  OK  [0m] Reached target System Time Synchronized.
[   22.989776] systemd[1]: Listening on Journal Socket.
[[0;32m  OK  [0m] Listening on Journal Socket.
[   23.014297] systemd[1]: Listening on udev Control Socket.
[[0;32m  OK  [0m] Listening on udev Control Socket.
[   23.061094] systemd[1]: Started Trigger resolvconf update for networkd DNS.
[[0;32m  OK  [0m] Started Trigger resolvconf update for networkd DNS.
[   23.117159] systemd[1]: Listening on Journal Audit Socket.
[[0;32m  OK  [0m] Listening on Journal Audit Socket.
[   23.156898] systemd[1]: Listening on LVM2 poll daemon socket.
[[0;32m  OK  [0m] Listening on LVM2 poll daemon socket.
[   23.192060] systemd[1]: Created slice System Slice.
[[0;32m  OK  [0m] Created slice System Slice.
[   23.245449] systemd[1]: Starting Load Kernel Modules...
         Starting Load Kernel Modules...
[   23.286455] systemd[1]: Starting Set console keymap...
[   23.318996] Loading iSCSI transport class v2.0-870.
         Starting Set console keymap...
[   23.349898] systemd[1]: Created slice User and Session Slice.
[[0;32m  OK  [0m] Created slice User and Sessio[   23.383384] iscsi: registered transport (tcp)
n Slice.
[   23.393043] systemd[1]: Listening on LVM2 metadata daemon socket.
[[0;32m  OK  [0m] Listening on LVM2 metadata daemon socket.
[   23.444333] systemd[1]: Started Forward Password Requests to Wall Directory Watch.
[[0;32m  OK  [0m] Started Forward Password Requests to Wall Directory Watch.
[   23.534359] systemd[1]: Mounting Debug File System...
         Mounting Debug File System...
[   23.574400] systemd[1]: Listening on Journal Socket (/dev/log).
[[0;32m  OK  [0m] Listening on Journal Socket (/dev/log).
[   23.675166] iscsi: registered transport (iser)
[   23.720934] systemd[1]: Mounting Huge Pages File System...
         Mounting Huge Pages File System...
[   23.809019] systemd[1]: Starting Uncomplicated firewall...
         Starting Uncomplicated firewall...
[   23.833244] systemd[1]: Mounting POSIX Message Queue File System...
         Mounting POSIX Message Queue File System...
[   23.874646] systemd[1]: Listening on /dev/initctl Compatibility Named Pipe.
[[0;32m  OK  [0m] Listening on /dev/initctl Compatibility Named Pipe.
[   23.926498] systemd[1]: Created slice system-serial\x2dgetty.slice.
[[0;32m  OK  [0m] Created slice system-serial\x2dgetty.slice.
[   23.956832] systemd[1]: Listening on Device-mapper event daemon FIFOs.
[[0;32m  OK  [0m] Listening on Device-mapper event daemon FIFOs.
[   23.991538] systemd[1]: Reached target Slices.
[[0;32m  OK  [0m] Reached target Slices.
[   24.037083] systemd[1]: Starting Remount Root and Kernel File Systems...
         Startin[   24.057698] EXT4-fs (sda1): re-mounted. Opts: (null)
g Remount Root and Kernel File Systems...
[   24.101824] systemd[1]: Starting Nameserver information manager...
         Starting Nameserver information manager...
[   24.134993] systemd[1]: Set up automount Arbitrary Executable File Formats File System Automount Point.
[[0;32m  OK  [0m] Set up automount Arbitrary Executab...ats File System Automount Point.
[   24.253458] systemd[1]: Listening on Syslog Socket.
[[0;32m  OK  [0m] Listening on Syslog Socket.
[   24.333142] systemd[1]: Starting Journal Service...
         Starting Journal Service...
[   24.423345] systemd[1]: Starting Monitoring of LVM2 mirrors, snapshots etc. using dmeventd or progress polling...
         Starting Monitoring of LVM2 mirrors... dmeventd or progress polling...
[   24.525161] systemd[1]: Starting Create list of required static device nodes for the current kernel...
         Starting Create list of required st... nodes for the current kernel...
[   24.632874] sstmd[1]: Reached target Swap.
[[0;32m  OK  [0m] Reached target Swap.
[   24.811988] systemd[1]: eached target Encrypted Volumes.
[[0;32m  OK  [0m] Reached target Encrypted Volumes.
[   25.090034] systemd[1]: Listening on udev Kernel Socket.
[[0;32m  OK  [0m] Listening on udev Kernel Socket.
[   25.124586] systemd[1]: Reached target User and Group Name Lookups.
[[0;32m  OK  [0m] Reached target User and Group Name Lookups.
[   25.204270] systemd[1]: Mounted Debug File System.
[[0;32m  OK  [0m] Mounted Debug File System.
[   25.226624] systemd[1]: Mounted Huge Pages File System.
[[0;32m  OK  [0m] Mounted Huge Pages File System.
[   25.246006] systemd[1]: Mounted POSIX Message Queue File System.
[[0;32m  OK  [0m] Mounted POSIX Message Queue File System.
[   25.292767] systemd[1]: Started Journal Service.
[[0;32m  OK  [0m] Started Journal Service.
[[0;32m  OK  [0m] Started Load Kernel Modules.
[[0;32m  OK  [0m] Started Set console keymap.
[[0;32m  OK  [0m] Started Uncomplicated firewall.
[[0;32m  OK  [0m] Started Remount Root and Kernel File Systems.
[[0;32m  OK  [0m] Started Create list of required sta...ce nodes for the current kernel.
[[0;32m  OK  [0m] Started Nameserver information manager.
[[0;32m  OK  [0m] Started LVM2 metadata daemon.
         Starting Create Static Device Nodes in /dev...
         Starting Load/Save Random Seed...
         Starting Initial cloud-init job (pre-networking)...
         Starting udev Coldplug all Devices...
         Starting Apply Kernel Variables...
         Mounting FUSE Control File System...
         Starting Flush Journal to Persistent Storage...
[[0;32m  OK  [0m] Mounted FUSE Control File System.
[[0;32m  OK  [0m] Started Monitoring of LVM2 mirrors,...ng dmeventd or progress polling.
[[0;32m  OK  [0m] Started Create Static Device Nodes in /dev.
[[0;32m  OK  [0m] Started Load/Save Random Seed.
[[0;32m  OK  [0m] Started Apply Kernel Variables.
[[0;32m  OK  [0m] Started udev Coldplug all Devices.
[[0;32m  OK  [0m] Started Flush Journal to Persistent Storage.
         Starting udev Kernel Device Manager...
[[0;32m  OK  [0m] Started udev Kernel Device Manager.
[[0;32m  OK  [0m] Started Dispatch Password Requests to Console Directory Watch.
[[0;32m  OK  [0m] Reached target Local File Systems (Pre).
[[0;32m  OK  [0m] Reached target Local File Systems.
         Starting Tell Plymouth To Write Out Runtime Data...
         Starting LSB: AppArmor initialization...
         Starting Create Volatile Files and Directories...
         Starting Set console font and keymap...
[[0;32m  OK  [0m] Started Tell Plymouth To Write Out Runtime Data.
[[0;32m  OK  [0m] Started Create Volatile Files and Directories.
         Starting Update UTMP about System Boot/Shutdown...
[[0;32m  OK  [0m] Started Update UTMP about System Boot/Shutdown.
[[0;32m  OK  [0m] Started LSB: AppArmor initialization.
[[0;32m  OK  [0m] Found device /dev/ttyS0.
[[0;32m  OK  [0m] Started Set console font and keymap.
[[0;32m  OK  [0m] Listening on Load/Save RF Kill Switch Status /dev/rfkill Watch.
[[0;32m  OK  [0m] Created slice system-getty.slice.
[[0;32m  OK  [0m] Found device 82540EM Gigabit Ethern...r (PRO/1000 MT Desktop Adapter).
[   24.746608] cloud-init[455]: Cloud-init v. 18.2 running 'init-local' at Mon, 28 May 2018 19:40:24 +0000. Up 22.59 seconds.
[[0;32m  OK  [0m] Started Initial cloud-init job (pre-networking).
[[0;32m  OK  [0m] Reached target Network (Pre).
         Starting Raise network interfaces...
[[0;32m  OK  [0m] Started ifup for enp0s3.
[[0;32m  OK  [0m] Started Raise network interfaces.
[[0;32m  OK  [0m] Reached target Network.
         Starting Initial cloud-init job (metadata service crawler)...
[   29.970707] cloud-init[953]: Cloud-init v. 18.2 running 'init' at Mon, 28 May 2018 19:40:30 +0000. Up 28.28 seconds.
[[0;32m  OK  [0m[   30.194641] cloud-init[953]: ci-info: +++++++++++++++++++++++++++++++++++++Net device info++++++++++++++++++++++++++++++++++++++
[   30.197581] cloud-init[953]: ci-info: +--------+------+----------------------------+---------------+-------+-------------------+
[   30.198311] cloud-init[953]: ci-info: | Device |  Up  |          Address           |      Mask     | Scope |     Hw-Address    |
[   30.198974] cloud-init[953]: ci-info: +--------+------+----------------------------+---------------+-------+-------------------+
[   30.199653] cloud-init[953]: ci-info: | enp0s3 | True |         10.0.2.15          | 255.255.255.0 |   .   | 02:8e:6d:ef:3b:89 |
[   30.200268] cloud-init[953]: ci-info: | enp0s3 | True | fe80::8e:6dff:feef:3b89/64 |       .       |  link | 02:8e:6d:ef:3b:89 |
] Started Initial cloud-init job (metadata service crawler).
[   30.201212] cloud-init[953]: ci-info: |   lo   | True |         127.0.0.1          |   255.0.0.0   |   .   |         .         |
[   31.045517] cloud-init[[953]: [0;32m  OK  [0mci-info: |   lo   | True |          ::1/128           |       .       |  host |         .         |] 
Reached target Network is Online.
[   31.048261] cloud-init[953]: ci-info: +--------+------+----------------------------+---------------+-------+-------------------+
[   31.129900] cloud-init[953]: ci-info: +++++++++++++++++++++++++++Route IPv4 info++++++++++++++++++++++++++++
         Starting iSCSI initiator daemon (iscsid)...
[   31.185556] [[0;32m  OK  [0m] Reached target Cloud-config availability.
cloud-init[953]: ci-info: +-------+-------------+----------+---------------+-----------+-------+
[   31.249179] [[0;32m  OK  [0m] Reached target System Initialization.
cloud-init[953]: ci-info: | Route | Destination | Gateway  |    Genmask    | Interface | Flags |
[   31.301628] cloud-init[953]: ci-info: +-------+-------------+----------+---------------+-----------+-------+
         Starting LXD - unix socket.
[   31.304767] cloud-init[953]: ci-info: |   0   |   0.0.0.0   | 10.0.2.2 |    0.0.0.0    |   enp0s3  |   UG  |
[[0;32m  OK  [0m] Listening on ACPID Listen Socket.
[   31.460396] cloud-init[953]: ci-info: |   1   |   10.0.2.0  | 0.0.0.0  | 255.255.255.0 |   enp0s3  |   U   |
[[0;32m  OK  [0m] Listening on UUID daemon activation socket.
[   31.463591]          cloud-initStarting Socket activation for snappy daemon.[953]: 
ci-info: +-------+-------------+----------+---------------+-----------+-------+
[[0;32m  OK  [0m] Started Daily apt download activities.
[[0;32m  OK  [0m] Started Daily apt upgrade and clean activities.
[[0;32m  OK  [0m] Started ACPI Events Check.
[[0;32m  OK  [0m] Reached target Paths.
[[0;32m  OK  [0m] Listening on D-Bus System Message Bus Socket.
[[0;32m  OK  [0m] Started Daily Cleanup of Temporary Directories.
[[0;32m  OK  [0m] Reached target Timers.
[[0;32m  OK  [0m] Listening on LXD - unix socket.
[[0;32m  OK  [0m] Listening on Socket activationnfor snappy daemon.
[[0;32m  OK  [0m] Started iSCSI initiator daemon (iscsid).
         Starting Login to default iSCSI targets...
[[0;32m  OK  [0m] Reached target Sockets.
[[0;32m  OK  [0m] Reached target Basic System.
[[0;32m  OK  [0m] Started Regular background program processing daemon.
         Starting OpenBSD Secure Shell server...
         Starting LSB: MD monitoring daemon...
[[0;32m  OK  [0m] Started Deferred execution scheduler.
         Starting Login Service...
         Starting Snappy daemon...
         Starting Apply the settings specified in cloud-config...
[[0;32m  OK  [0m] Started D-Bus System Message Bus.
[[0;32m  OK  [0m] Started FUSE fflesystem for LXC.
         Starting Virtualbox guest utils...
         Starting /etc/rc.local Compatibility...
[[0;32m  OK  [0m] Started ACPI event daemon.
         Starting Accounts Service...
         Starting LSB: Record successful boot for GRUB...
         Starting System Logging Service...
[[0;32m  OK  [0m] Started Unattended Upgrades Shutdown.
         Starting LXD - container startup/shutdown...
[[0;32m  OK  [0m] Started OpenBSD Secure Shell server.
[[0;32m  OK  [0m] Started /etc/rc.local Compatibility.
[[0;32m  OK  [0m] Started System Logging Service.
[[0;32m  OK  [0m] Started Snappy daemon.
[[0;32m  OK  [0m] Started Login to default iSCSI targets.
[[0;32m  OK  [0m] Started LXD - container startup/shutdown.
[[0;32m  OK  [0m] Started LSB: MD monitoring daemon.
[[0;32m  OK  [0m] Started Login Service.
[[0;32m  OK  [0m] Started LSB: Record successful boot for GRUB.
         Starting Authenticate and Authorize Users to Run Privileged Tasks...
[[0;32m  OK  [0m] Reached target Remote File Systems (Pre).
[[0;32m  OK  [0m] Reached target Remote File Systems.
         Starting LSB: daemon to balance interrupts for SMP systems...
         Starting Permit User Sessions...
         Starting LSB: automatic crash report generation...
         Starting LSB: Set the CPU Frequency Scaling governor to "ondemand"...
[[0;32m  OK  [0m] Started Virtualbox guest utils.
[[0;32m  OK  [0m] Started Permit User Sessions.
[[0;32m  OK  [0m] Started Authenticate and Authorize Users to Run Privileged Tasks.
[[0;32m  OK  [0m] Started Accounts Service.
         Starting Terminate Plymouth Boot Screen...
         Starting Hold until boot process finishes up...
[[0;32m  OK  [0m] Started LSB: Set the CPU Frequency Scaling governor to "ondemand".
[[0;32m  OK  [0m] Started Terminate Plymouth Boot Screen.
[[0;32m  OK  [0m] Started LSB: daemon to balance interrupts for SMP systems.
[[0;32m  OK  [0m] Started LSB: automatic crash report generation.
[[0;32m  OK  [0m] Started Hold until boot process finishes up.
[[0;32m  OK  [0m] Started Getty on tty1.
[[0;32m  OK  [0m] Started Serial Getty on ttyS0.
[[0;32m  OK  [0m] Reached target Login Prompts.
         Starting Set console scheme...
[[0;32m  OK  [0m] Reached target Multi-User System.
[[0;32m  OK  [0m] Reached target Graphical Interface.
         Starting Update UTMP about System Runlevel Changes...
[[0;32m  OK  [0m] Started Set console scheme.
[[0;32m  OK  [0m] Started Update UTMP about System Runlevel Changes.
[[0;32m  OK  [0m] Created slice User Slice of vagrant.
         Starting User Manager for UID 1000...
[[0;32m  OK  [0m] Started Session 1 of user vagrant.
[[0;32m  OK  [0m] Started User Manager for UID 1000.
[   37.211530] cloud-init[1033]: Cloud-init v. 18.2 running 'modules:config' at Mon, 28 May 2018 19:40:37 +0000. Up 35.87 seconds.
[[0;32m  OK  [0m] Started Apply the settings specified in cloud-config.
         Starting Execute cloud user/final scripts...
[   39.373984] cloud-init[1263]: Cloud-init v. 18.2 running 'modules:final' at Mon, 28 May 2018 19:40:40 +0000. Up 38.85 seconds.
[   39.417187] cloud-init[1263]: Cloud-init v. 18.2 finished at Mon, 28 May 2018 19:40:41 +0000. Datasource DataSourceNoCloud [seed=/dev/sdb][dsmode=net].  Up 39.34 seconds
[[0;32m  OK  [0m] Started Execute cloud user/final scripts.
         Starting Daily apt download activities...
[[0;32m  OK  [0m] Reached target Cloud-init target.

Ubuntu 16.04.4 LTS ubuntu-xenial ttyS0

ubuntu-xenial login: 